Determining if the pthread_create exist failed with the following output:
Change Dir: /home/yamada/ROS_to_NRP/build/CMakeFiles/CMakeTmp

Run Build Command:"/usr/bin/make" "cmTC_1f0d2/fast"
/usr/bin/make -f CMakeFiles/cmTC_1f0d2.dir/build.make CMakeFiles/cmTC_1f0d2.dir/build
make[1]: ディレクトリ '/home/yamada/ROS_to_NRP/build/CMakeFiles/CMakeTmp' に入ります
Building C object CMakeFiles/cmTC_1f0d2.dir/CheckSymbolExists.c.o
/usr/bin/cc    -o CMakeFiles/cmTC_1f0d2.dir/CheckSymbolExists.c.o   -c /home/yamada/ROS_to_NRP/build/CMakeFiles/CMakeTmp/CheckSymbolExists.c
Linking C executable cmTC_1f0d2
/usr/bin/cmake -E cmake_link_script CMakeFiles/cmTC_1f0d2.dir/link.txt --verbose=1
/usr/bin/cc      -rdynamic CMakeFiles/cmTC_1f0d2.dir/CheckSymbolExists.c.o  -o cmTC_1f0d2 
CMakeFiles/cmTC_1f0d2.dir/CheckSymbolExists.c.o: 関数 `main' 内:
CheckSymbolExists.c:(.text+0x1b): `pthread_create' に対する定義されていない参照です
collect2: error: ld returned 1 exit status
CMakeFiles/cmTC_1f0d2.dir/build.make:97: recipe for target 'cmTC_1f0d2' failed
make[1]: *** [cmTC_1f0d2] Error 1
make[1]: ディレクトリ '/home/yamada/ROS_to_NRP/build/CMakeFiles/CMakeTmp' から出ます
Makefile:126: recipe for target 'cmTC_1f0d2/fast' failed
make: *** [cmTC_1f0d2/fast] Error 2

File /home/yamada/ROS_to_NRP/build/CMakeFiles/CMakeTmp/CheckSymbolExists.c:
/* */
#include <pthread.h>

int main(int argc, char** argv)
{
  (void)argv;
#ifndef pthread_create
  return ((int*)(&pthread_create))[argc];
#else
  (void)argc;
  return 0;
#endif
}

Determining if the function pthread_create exists in the pthreads failed with the following output:
Change Dir: /home/yamada/ROS_to_NRP/build/CMakeFiles/CMakeTmp

Run Build Command:"/usr/bin/make" "cmTC_fa6e9/fast"
/usr/bin/make -f CMakeFiles/cmTC_fa6e9.dir/build.make CMakeFiles/cmTC_fa6e9.dir/build
make[1]: ディレクトリ '/home/yamada/ROS_to_NRP/build/CMakeFiles/CMakeTmp' に入ります
Building C object CMakeFiles/cmTC_fa6e9.dir/CheckFunctionExists.c.o
/usr/bin/cc   -DCHECK_FUNCTION_EXISTS=pthread_create   -o CMakeFiles/cmTC_fa6e9.dir/CheckFunctionExists.c.o   -c /usr/share/cmake-3.10/Modules/CheckFunctionExists.c
Linking C executable cmTC_fa6e9
/usr/bin/cmake -E cmake_link_script CMakeFiles/cmTC_fa6e9.dir/link.txt --verbose=1
/usr/bin/cc  -DCHECK_FUNCTION_EXISTS=pthread_create    -rdynamic CMakeFiles/cmTC_fa6e9.dir/CheckFunctionExists.c.o  -o cmTC_fa6e9 -lpthreads 
/usr/bin/ld: -lpthreads が見つかりません
collect2: error: ld returned 1 exit status
CMakeFiles/cmTC_fa6e9.dir/build.make:97: recipe for target 'cmTC_fa6e9' failed
make[1]: *** [cmTC_fa6e9] Error 1
make[1]: ディレクトリ '/home/yamada/ROS_to_NRP/build/CMakeFiles/CMakeTmp' から出ます
Makefile:126: recipe for target 'cmTC_fa6e9/fast' failed
make: *** [cmTC_fa6e9/fast] Error 2


